

********************************************************************************************************
********************************************************************************************************
**                                                                                                    **
**   .oooooo.    oooooooooooo ooooo      ooo ooooo oooooooooooo                                       **
**  d8P'  `Y8b   `888'     `8 `888b.     `8' `888' `888'     `8      NEUTRINO MONTE CARLO GENERATOR   **
** 888            888          8 `88b.    8   888   888                                               **
** 888            888oooo8     8   `88b.  8   888   888oooo8              Version 2.12.10             **
** 888     ooooo  888    "     8     `88b.8   888   888    "                                          **
** `88.    .88'   888       o  8       `888   888   888       o         http://www.genie-mc.org       **
**  `Y8bood8P'   o888ooooood8 o8o        `8  o888o o888ooooood8                                       **
**                                                                                                    **
**                                                                                                    **
**              Luis Alvarez-Ruso [8], Costas Andreopoulos (*) [2,5], Christopher Barry [2],          **
**   Francis Bench [2], Steve Dennis [2], Steve Dytman [3], Hugh Gallagher [7], Tomasz Golan [1,4],   **
**         Robert Hatcher [1], Rhiannon Jones [2], Libo Jiang [3], Anselmo Meregaglia [6],            **
**                      Donna Naples [3], Gabriel Perdue [1], Marco Roda [2],                         **
**                                Jeremy Wolcott [7], Julia Yarba [1]                                 **
**                                                                                                    **
**                                     (The GENIE Collaboration)                                      **
**                                                                                                    **
**                          (1) Fermi National Accelerator Laboratory, USA                            **
**                                 (2) University of Liverpool, UK                                    **
**                                (3) University of Pittsburgh, USA                                   **
**                                 (4) University of Rochester, USA                                   **
**                             (5) STFC Rutherford Appleton Laboratory UK                             **
**                                   (6) Strasbourg IPHC, France                                      **
**                                    (7) Tufts University, USA                                       **
**                                 (8) University of Valencia, Spain                                  **
**                                                                                                    **
**                                                                                                    **
** (*) Corresponding Author: Dr. Costas Andreopoulos  <costas.andreopoulos \at stfc.ac.uk>            **
**      -----------------------------------------------------------------                             **
**     | University of Liverpool  |  STFC Rutherford Appleton Laboratory |                            **
**     | Physics Department       |  Particle Physics Department         |                            **
**     | Oliver Lodge Lab 316     |  Harwell Oxford Campus, R1 2.89      |                            **
**     | Liverpool L69 7ZE, UK    |  Oxfordshire OX11 0QX, UK            |                            **
**     | +44-(0)1517-943201 (tel) |  +44-(0)1235-445091 (tel)            |                            **
**      -----------------------------------------------------------------                             **
**                                                                                                    **
** (c) 2003-2018 GENIE Collaboration                                                                  **
**                                                                                                    **
** This program is free software: you can redistribute it and/or modify it under the terms of         **
** the GNU General Public License as published by the Free Software Foundation, either version 3 of   **
** the License, or any later version.                                                                 **
** This program is distributed in the hope that it will be useful, but WITHOUT ANY WARRANTY;          **
** without even the implied warranty of MERCHANTABILITY or FITNESS FOR A PARTICULAR PURPOSE.          **
** See the GNU General Public License for more details.                                               **
** You should have received a copy of the GNU General Public License along with this program.         **
** If not, see <http://www.gnu.org/licenses/>.                                                        **
********************************************************************************************************
********************************************************************************************************


1726158025 NOTICE Messenger : [s] <SetPrioritiesFromXmlFile (158)> : Reading msg stream priorities from XML file: /opt/exp_software/neutrino/GENIEv2/Generator/config/Messenger.xml
1726158025 INFO Messenger : [s] <SetPrioritiesFromXmlFile (196)> : Set priority level: ...............EventLoop --> DEBUG
1726158025 INFO Messenger : [s] <SetPrioritiesFromXmlFile (196)> : Set priority level: ..................GCPlex --> DEBUG
1726158025 INFO Messenger : [s] <SetPrioritiesFromXmlFile (196)> : Set priority level: ...............GSimFiles --> DEBUG
1726158025 INFO Messenger : [s] <SetPrioritiesFromXmlFile (196)> : Set priority level: ...............MiniBooNE --> DEBUG
1726158025 INFO PDG : [n] <PDGLibrary.cxx::Instance (48)> : PDGLibrary late initialization
1726158025 INFO PDG : [n] <PDGLibrary.cxx::LoadDBase (91)> : Load PDG data from: /opt/exp_software/neutrino/GENIEv2/Generator/data/evgen/catalogues/pdg/genie_pdg_table.txt
[32m[INFO] Analyze production from file 0 to file 100[39m

[32m[INFO] Reading geometry[39m

[32m[INFO] Enabling multiple threading[39m

[32m[INFO] Initialize ROOT DataFrame[39m

[31m[WARNING] Skipping file /storage/gpfs_data/neutrino/users/gi/SAND-DRIFT-STUDY/geometry/production_antinumucc/events-in-SANDtracker.10.gtrac.root[39m

[31m[WARNING] Skipping file /storage/gpfs_data/neutrino/users/gi/SAND-DRIFT-STUDY/geometry/production_antinumucc/events-in-SANDtracker.57.gtrac.root[39m

tree name : gRooTracker number of events in chain : 98000
[31m[WARNING] Skipping file /storage/gpfs_data/neutrino/users/gi/SAND-DRIFT-STUDY/geometry/production_antinumucc/events-in-SANDtracker.10.edep-sim.root[39m

[31m[WARNING] Skipping file /storage/gpfs_data/neutrino/users/gi/SAND-DRIFT-STUDY/geometry/production_antinumucc/events-in-SANDtracker.57.edep-sim.root[39m

tree name : EDepSimEvents number of events in chain : 98000
[31m[WARNING] Skipping file /storage/gpfs_data/neutrino/users/gi/SAND-DRIFT-STUDY/geometry/production_antinumucc/events-in-SANDtracker.0.ecal-digit.root[39m

[31m[WARNING] Skipping file /storage/gpfs_data/neutrino/users/gi/SAND-DRIFT-STUDY/geometry/production_antinumucc/events-in-SANDtracker.10.ecal-digit.root[39m

[31m[WARNING] Skipping file /storage/gpfs_data/neutrino/users/gi/SAND-DRIFT-STUDY/geometry/production_antinumucc/events-in-SANDtracker.57.ecal-digit.root[39m

tree name : tDigit number of events in chain : 97000
[32m[INFO] Writing ouput file[39m

