manpath: warning: $PATH not set
Info in <TGeoManager::Import>: Reading geometry from file: /storage/gpfs_data/neutrino/users/gi/dunendggd/SAND_opt3_DRIFT1.root
Info in <TGeoManager::CloseGeometry>: Geometry loaded from file...
Info in <TGeoManager::SetTopVolume>: Top volume is volWorld. Master volume is volWorld
Info in <TGeoNavigator::BuildCache>: --- Maximum geometry depth set to 100
Info in <TGeoManager::CloseGeometry>: Voxelization retrieved from file
Info in <TGeoManager::CountLevels>: max level = 23, max placements = 418
Info in <TGeoManager::CloseGeometry>: 268429 nodes/ 5656 volume UID's in Geometry imported from GDML
Info in <TGeoManager::CloseGeometry>: ----------------modeler ready----------------
Warning in <TChain::CopyAddresses>: Could not find branch named 'dg_cell' in tree named 'digit_extended'
Warning in <TChain::CopyAddresses>: Could not find branch named 'dg_tube' in tree named 'digit_extended'
Error in <TTreeReaderValueBase::GetBranchDataType()>: Must use TTreeReaderArray to access a member of an object that is stored in a collection.
Error in <TTreeReaderValueBase::CreateProxy()>: The branch Primaries.Position contains data of type {UNDETERMINED TYPE}, which does not have a dictionary.
Error in <TTreeReaderValueBase::GetBranchDataType()>: Must use TTreeReaderArray to access a member of an object that is stored in a collection.
Error in <TTreeReaderValueBase::CreateProxy()>: The branch Primaries.Position contains data of type {UNDETERMINED TYPE}, which does not have a dictionary.
Warning in <TChain::CopyAddresses>: Could not find branch named 'dg_cell' in tree named 'digit_extended'
Warning in <TChain::CopyAddresses>: Could not find branch named 'dg_tube' in tree named 'digit_extended'
Error in <TTreeReaderValueBase::GetBranchDataType()>: Must use TTreeReaderArray to access a member of an object that is stored in a collection.
Error in <TTreeReaderValueBase::CreateProxy()>: The branch Primaries.Position contains data of type {UNDETERMINED TYPE}, which does not have a dictionary.
Error in <TTreeReaderValueBase::GetBranchDataType()>: Must use TTreeReaderArray to access a member of an object that is stored in a collection.
Error in <TTreeReaderValueBase::CreateProxy()>: The branch Primaries.Position contains data of type {UNDETERMINED TYPE}, which does not have a dictionary.
Warning in <TChain::CopyAddresses>: Could not find branch named 'dg_cell' in tree named 'digit_extended'
Warning in <TChain::CopyAddresses>: Could not find branch named 'dg_tube' in tree named 'digit_extended'
Error in <TTreeReaderValueBase::GetBranchDataType()>: Must use TTreeReaderArray to access a member of an object that is stored in a collection.
Error in <TTreeReaderValueBase::CreateProxy()>: The branch Primaries.Position contains data of type {UNDETERMINED TYPE}, which does not have a dictionary.
Error in <TTreeReaderValueBase::GetBranchDataType()>: Must use TTreeReaderArray to access a member of an object that is stored in a collection.
Error in <TTreeReaderValueBase::CreateProxy()>: The branch Primaries.Position contains data of type {UNDETERMINED TYPE}, which does not have a dictionary.
Warning in <TChain::CopyAddresses>: Could not find branch named 'dg_cell' in tree named 'digit_extended'
Warning in <TChain::CopyAddresses>: Could not find branch named 'dg_tube' in tree named 'digit_extended'
Error in <TTreeReaderValueBase::GetBranchDataType()>: Must use TTreeReaderArray to access a member of an object that is stored in a collection.
Error in <TTreeReaderValueBase::CreateProxy()>: The branch Primaries.Position contains data of type {UNDETERMINED TYPE}, which does not have a dictionary.
Error in <TTreeReaderValueBase::GetBranchDataType()>: Must use TTreeReaderArray to access a member of an object that is stored in a collection.
Error in <TTreeReaderValueBase::CreateProxy()>: The branch Primaries.Position contains data of type {UNDETERMINED TYPE}, which does not have a dictionary.
Warning in <TChain::CopyAddresses>: Could not find branch named 'dg_cell' in tree named 'digit_extended'
Warning in <TChain::CopyAddresses>: Could not find branch named 'dg_tube' in tree named 'digit_extended'
Error in <TTreeReaderValueBase::GetBranchDataType()>: Must use TTreeReaderArray to access a member of an object that is stored in a collection.
Error in <TTreeReaderValueBase::CreateProxy()>: The branch Primaries.Position contains data of type {UNDETERMINED TYPE}, which does not have a dictionary.
Error in <TTreeReaderValueBase::GetBranchDataType()>: Must use TTreeReaderArray to access a member of an object that is stored in a collection.
Error in <TTreeReaderValueBase::CreateProxy()>: The branch Primaries.Position contains data of type {UNDETERMINED TYPE}, which does not have a dictionary.
Warning in <TChain::CopyAddresses>: Could not find branch named 'dg_cell' in tree named 'digit_extended'
Warning in <TChain::CopyAddresses>: Could not find branch named 'dg_tube' in tree named 'digit_extended'
Error in <TTreeReaderValueBase::GetBranchDataType()>: Must use TTreeReaderArray to access a member of an object that is stored in a collection.
Error in <TTreeReaderValueBase::CreateProxy()>: The branch Primaries.Position contains data of type {UNDETERMINED TYPE}, which does not have a dictionary.
Error in <TTreeReaderValueBase::GetBranchDataType()>: Must use TTreeReaderArray to access a member of an object that is stored in a collection.
Error in <TTreeReaderValueBase::CreateProxy()>: The branch Primaries.Position contains data of type {UNDETERMINED TYPE}, which does not have a dictionary.
Warning in <TChain::CopyAddresses>: Could not find branch named 'dg_cell' in tree named 'digit_extended'
Warning in <TChain::CopyAddresses>: Could not find branch named 'dg_tube' in tree named 'digit_extended'
Error in <TTreeReaderValueBase::GetBranchDataType()>: Must use TTreeReaderArray to access a member of an object that is stored in a collection.
Error in <TTreeReaderValueBase::CreateProxy()>: The branch Primaries.Position contains data of type {UNDETERMINED TYPE}, which does not have a dictionary.
Error in <TTreeReaderValueBase::GetBranchDataType()>: Must use TTreeReaderArray to access a member of an object that is stored in a collection.
Error in <TTreeReaderValueBase::CreateProxy()>: The branch Primaries.Position contains data of type {UNDETERMINED TYPE}, which does not have a dictionary.
Warning in <TChain::CopyAddresses>: Could not find branch named 'dg_cell' in tree named 'digit_extended'
Warning in <TChain::CopyAddresses>: Could not find branch named 'dg_tube' in tree named 'digit_extended'
Error in <TTreeReaderValueBase::GetBranchDataType()>: Must use TTreeReaderArray to access a member of an object that is stored in a collection.
Error in <TTreeReaderValueBase::CreateProxy()>: The branch Primaries.Position contains data of type {UNDETERMINED TYPE}, which does not have a dictionary.
Error in <TTreeReaderValueBase::GetBranchDataType()>: Must use TTreeReaderArray to access a member of an object that is stored in a collection.
Error in <TTreeReaderValueBase::CreateProxy()>: The branch Primaries.Position contains data of type {UNDETERMINED TYPE}, which does not have a dictionary.
Warning in <TChain::CopyAddresses>: Could not find branch named 'dg_cell' in tree named 'digit_extended'
Warning in <TChain::CopyAddresses>: Could not find branch named 'dg_tube' in tree named 'digit_extended'
Error in <TTreeReaderValueBase::GetBranchDataType()>: Must use TTreeReaderArray to access a member of an object that is stored in a collection.
Error in <TTreeReaderValueBase::CreateProxy()>: The branch Primaries.Position contains data of type {UNDETERMINED TYPE}, which does not have a dictionary.
Error in <TTreeReaderValueBase::GetBranchDataType()>: Must use TTreeReaderArray to access a member of an object that is stored in a collection.
Error in <TTreeReaderValueBase::CreateProxy()>: The branch Primaries.Position contains data of type {UNDETERMINED TYPE}, which does not have a dictionary.
Warning in <TChain::CopyAddresses>: Could not find branch named 'dg_cell' in tree named 'digit_extended'
Warning in <TChain::CopyAddresses>: Could not find branch named 'dg_tube' in tree named 'digit_extended'
Error in <TTreeReaderValueBase::GetBranchDataType()>: Must use TTreeReaderArray to access a member of an object that is stored in a collection.
Error in <TTreeReaderValueBase::CreateProxy()>: The branch Primaries.Position contains data of type {UNDETERMINED TYPE}, which does not have a dictionary.
Error in <TTreeReaderValueBase::GetBranchDataType()>: Must use TTreeReaderArray to access a member of an object that is stored in a collection.
Error in <TTreeReaderValueBase::CreateProxy()>: The branch Primaries.Position contains data of type {UNDETERMINED TYPE}, which does not have a dictionary.
Warning in <TChain::CopyAddresses>: Could not find branch named 'dg_cell' in tree named 'digit_extended'
Warning in <TChain::CopyAddresses>: Could not find branch named 'dg_tube' in tree named 'digit_extended'
Error in <TTreeReaderValueBase::GetBranchDataType()>: Must use TTreeReaderArray to access a member of an object that is stored in a collection.
Error in <TTreeReaderValueBase::CreateProxy()>: The branch Primaries.Position contains data of type {UNDETERMINED TYPE}, which does not have a dictionary.
Error in <TTreeReaderValueBase::GetBranchDataType()>: Must use TTreeReaderArray to access a member of an object that is stored in a collection.
Error in <TTreeReaderValueBase::CreateProxy()>: The branch Primaries.Position contains data of type {UNDETERMINED TYPE}, which does not have a dictionary.
Warning in <TChain::CopyAddresses>: Could not find branch named 'dg_cell' in tree named 'digit_extended'
Warning in <TChain::CopyAddresses>: Could not find branch named 'dg_tube' in tree named 'digit_extended'
Error in <TTreeReaderValueBase::GetBranchDataType()>: Must use TTreeReaderArray to access a member of an object that is stored in a collection.
Error in <TTreeReaderValueBase::CreateProxy()>: The branch Primaries.Position contains data of type {UNDETERMINED TYPE}, which does not have a dictionary.
Error in <TTreeReaderValueBase::GetBranchDataType()>: Must use TTreeReaderArray to access a member of an object that is stored in a collection.
Error in <TTreeReaderValueBase::CreateProxy()>: The branch Primaries.Position contains data of type {UNDETERMINED TYPE}, which does not have a dictionary.
Warning in <TChain::CopyAddresses>: Could not find branch named 'dg_cell' in tree named 'digit_extended'
Warning in <TChain::CopyAddresses>: Could not find branch named 'dg_tube' in tree named 'digit_extended'
Error in <TTreeReaderValueBase::GetBranchDataType()>: Must use TTreeReaderArray to access a member of an object that is stored in a collection.
Error in <TTreeReaderValueBase::CreateProxy()>: The branch Primaries.Position contains data of type {UNDETERMINED TYPE}, which does not have a dictionary.
Error in <TTreeReaderValueBase::GetBranchDataType()>: Must use TTreeReaderArray to access a member of an object that is stored in a collection.
Error in <TTreeReaderValueBase::CreateProxy()>: The branch Primaries.Position contains data of type {UNDETERMINED TYPE}, which does not have a dictionary.
Warning in <TChain::CopyAddresses>: Could not find branch named 'dg_cell' in tree named 'digit_extended'
Warning in <TChain::CopyAddresses>: Could not find branch named 'dg_tube' in tree named 'digit_extended'
Error in <TTreeReaderValueBase::GetBranchDataType()>: Must use TTreeReaderArray to access a member of an object that is stored in a collection.
Error in <TTreeReaderValueBase::CreateProxy()>: The branch Primaries.Position contains data of type {UNDETERMINED TYPE}, which does not have a dictionary.
Error in <TTreeReaderValueBase::GetBranchDataType()>: Must use TTreeReaderArray to access a member of an object that is stored in a collection.
Error in <TTreeReaderValueBase::CreateProxy()>: The branch Primaries.Position contains data of type {UNDETERMINED TYPE}, which does not have a dictionary.
Warning in <TChain::CopyAddresses>: Could not find branch named 'dg_cell' in tree named 'digit_extended'
Warning in <TChain::CopyAddresses>: Could not find branch named 'dg_tube' in tree named 'digit_extended'
Error in <TTreeReaderValueBase::GetBranchDataType()>: Must use TTreeReaderArray to access a member of an object that is stored in a collection.
Error in <TTreeReaderValueBase::CreateProxy()>: The branch Primaries.Position contains data of type {UNDETERMINED TYPE}, which does not have a dictionary.
Error in <TTreeReaderValueBase::GetBranchDataType()>: Must use TTreeReaderArray to access a member of an object that is stored in a collection.
Error in <TTreeReaderValueBase::CreateProxy()>: The branch Primaries.Position contains data of type {UNDETERMINED TYPE}, which does not have a dictionary.
Warning in <TChain::CopyAddresses>: Could not find branch named 'dg_cell' in tree named 'digit_extended'
Warning in <TChain::CopyAddresses>: Could not find branch named 'dg_tube' in tree named 'digit_extended'
Error in <TTreeReaderValueBase::GetBranchDataType()>: Must use TTreeReaderArray to access a member of an object that is stored in a collection.
Error in <TTreeReaderValueBase::CreateProxy()>: The branch Primaries.Position contains data of type {UNDETERMINED TYPE}, which does not have a dictionary.
Error in <TTreeReaderValueBase::GetBranchDataType()>: Must use TTreeReaderArray to access a member of an object that is stored in a collection.
Error in <TTreeReaderValueBase::CreateProxy()>: The branch Primaries.Position contains data of type {UNDETERMINED TYPE}, which does not have a dictionary.
Warning in <TChain::CopyAddresses>: Could not find branch named 'dg_cell' in tree named 'digit_extended'
Warning in <TChain::CopyAddresses>: Could not find branch named 'dg_tube' in tree named 'digit_extended'
Error in <TTreeReaderValueBase::GetBranchDataType()>: Must use TTreeReaderArray to access a member of an object that is stored in a collection.
Error in <TTreeReaderValueBase::CreateProxy()>: The branch Primaries.Position contains data of type {UNDETERMINED TYPE}, which does not have a dictionary.
Error in <TTreeReaderValueBase::GetBranchDataType()>: Must use TTreeReaderArray to access a member of an object that is stored in a collection.
Error in <TTreeReaderValueBase::CreateProxy()>: The branch Primaries.Position contains data of type {UNDETERMINED TYPE}, which does not have a dictionary.
Warning in <TChain::CopyAddresses>: Could not find branch named 'dg_cell' in tree named 'digit_extended'
Warning in <TChain::CopyAddresses>: Could not find branch named 'dg_tube' in tree named 'digit_extended'
Error in <TTreeReaderValueBase::GetBranchDataType()>: Must use TTreeReaderArray to access a member of an object that is stored in a collection.
Error in <TTreeReaderValueBase::CreateProxy()>: The branch Primaries.Position contains data of type {UNDETERMINED TYPE}, which does not have a dictionary.
Error in <TTreeReaderValueBase::GetBranchDataType()>: Must use TTreeReaderArray to access a member of an object that is stored in a collection.
Error in <TTreeReaderValueBase::CreateProxy()>: The branch Primaries.Position contains data of type {UNDETERMINED TYPE}, which does not have a dictionary.
Warning in <TChain::CopyAddresses>: Could not find branch named 'dg_cell' in tree named 'digit_extended'
Warning in <TChain::CopyAddresses>: Could not find branch named 'dg_tube' in tree named 'digit_extended'
Error in <TTreeReaderValueBase::GetBranchDataType()>: Must use TTreeReaderArray to access a member of an object that is stored in a collection.
Error in <TTreeReaderValueBase::CreateProxy()>: The branch Primaries.Position contains data of type {UNDETERMINED TYPE}, which does not have a dictionary.
Error in <TTreeReaderValueBase::GetBranchDataType()>: Must use TTreeReaderArray to access a member of an object that is stored in a collection.
Error in <TTreeReaderValueBase::CreateProxy()>: The branch Primaries.Position contains data of type {UNDETERMINED TYPE}, which does not have a dictionary.
Warning in <TChain::CopyAddresses>: Could not find branch named 'dg_cell' in tree named 'digit_extended'
Warning in <TChain::CopyAddresses>: Could not find branch named 'dg_tube' in tree named 'digit_extended'
Error in <TTreeReaderValueBase::GetBranchDataType()>: Must use TTreeReaderArray to access a member of an object that is stored in a collection.
Error in <TTreeReaderValueBase::CreateProxy()>: The branch Primaries.Position contains data of type {UNDETERMINED TYPE}, which does not have a dictionary.
Error in <TTreeReaderValueBase::GetBranchDataType()>: Must use TTreeReaderArray to access a member of an object that is stored in a collection.
Error in <TTreeReaderValueBase::CreateProxy()>: The branch Primaries.Position contains data of type {UNDETERMINED TYPE}, which does not have a dictionary.
Warning in <TChain::CopyAddresses>: Could not find branch named 'dg_cell' in tree named 'digit_extended'
Warning in <TChain::CopyAddresses>: Could not find branch named 'dg_tube' in tree named 'digit_extended'
Error in <TTreeReaderValueBase::GetBranchDataType()>: Must use TTreeReaderArray to access a member of an object that is stored in a collection.
Error in <TTreeReaderValueBase::CreateProxy()>: The branch Primaries.Position contains data of type {UNDETERMINED TYPE}, which does not have a dictionary.
Warning in <TChain::CopyAddresses>: Could not find branch named 'dg_cell' in tree named 'digit_extended'
Warning in <TChain::CopyAddresses>: Could not find branch named 'dg_tube' in tree named 'digit_extended'
Error in <TTreeReaderValueBase::GetBranchDataType()>: Must use TTreeReaderArray to access a member of an object that is stored in a collection.
Error in <TTreeReaderValueBase::CreateProxy()>: The branch Primaries.Position contains data of type {UNDETERMINED TYPE}, which does not have a dictionary.
Error in <TTreeReaderValueBase::GetBranchDataType()>: Must use TTreeReaderArray to access a member of an object that is stored in a collection.
Error in <TTreeReaderValueBase::CreateProxy()>: The branch Primaries.Position contains data of type {UNDETERMINED TYPE}, which does not have a dictionary.
Warning in <TChain::CopyAddresses>: Could not find branch named 'dg_cell' in tree named 'digit_extended'
Warning in <TChain::CopyAddresses>: Could not find branch named 'dg_tube' in tree named 'digit_extended'
Error in <TTreeReaderValueBase::GetBranchDataType()>: Must use TTreeReaderArray to access a member of an object that is stored in a collection.
Error in <TTreeReaderValueBase::CreateProxy()>: The branch Primaries.Position contains data of type {UNDETERMINED TYPE}, which does not have a dictionary.
Error in <TTreeReaderValueBase::GetBranchDataType()>: Must use TTreeReaderArray to access a member of an object that is stored in a collection.
Error in <TTreeReaderValueBase::CreateProxy()>: The branch Primaries.Position contains data of type {UNDETERMINED TYPE}, which does not have a dictionary.
Warning in <TChain::CopyAddresses>: Could not find branch named 'dg_cell' in tree named 'digit_extended'
Warning in <TChain::CopyAddresses>: Could not find branch named 'dg_tube' in tree named 'digit_extended'
Error in <TTreeReaderValueBase::GetBranchDataType()>: Must use TTreeReaderArray to access a member of an object that is stored in a collection.
Error in <TTreeReaderValueBase::CreateProxy()>: The branch Primaries.Position contains data of type {UNDETERMINED TYPE}, which does not have a dictionary.
Error in <TTreeReaderValueBase::GetBranchDataType()>: Must use TTreeReaderArray to access a member of an object that is stored in a collection.
Error in <TTreeReaderValueBase::CreateProxy()>: The branch Primaries.Position contains data of type {UNDETERMINED TYPE}, which does not have a dictionary.
Warning in <TChain::CopyAddresses>: Could not find branch named 'dg_cell' in tree named 'digit_extended'
Warning in <TChain::CopyAddresses>: Could not find branch named 'dg_tube' in tree named 'digit_extended'
Error in <TTreeReaderValueBase::GetBranchDataType()>: Must use TTreeReaderArray to access a member of an object that is stored in a collection.
Error in <TTreeReaderValueBase::CreateProxy()>: The branch Primaries.Position contains data of type {UNDETERMINED TYPE}, which does not have a dictionary.
Error in <TTreeReaderValueBase::GetBranchDataType()>: Must use TTreeReaderArray to access a member of an object that is stored in a collection.
Error in <TTreeReaderValueBase::CreateProxy()>: The branch Primaries.Position contains data of type {UNDETERMINED TYPE}, which does not have a dictionary.
Warning in <TChain::CopyAddresses>: Could not find branch named 'dg_cell' in tree named 'digit_extended'
Warning in <TChain::CopyAddresses>: Could not find branch named 'dg_tube' in tree named 'digit_extended'
Error in <TTreeReaderValueBase::GetBranchDataType()>: Must use TTreeReaderArray to access a member of an object that is stored in a collection.
Error in <TTreeReaderValueBase::CreateProxy()>: The branch Primaries.Position contains data of type {UNDETERMINED TYPE}, which does not have a dictionary.
Error in <TTreeReaderValueBase::GetBranchDataType()>: Must use TTreeReaderArray to access a member of an object that is stored in a collection.
Error in <TTreeReaderValueBase::CreateProxy()>: The branch Primaries.Position contains data of type {UNDETERMINED TYPE}, which does not have a dictionary.
Warning in <TChain::CopyAddresses>: Could not find branch named 'dg_cell' in tree named 'digit_extended'
Warning in <TChain::CopyAddresses>: Could not find branch named 'dg_tube' in tree named 'digit_extended'
Error in <TTreeReaderValueBase::GetBranchDataType()>: Must use TTreeReaderArray to access a member of an object that is stored in a collection.
Error in <TTreeReaderValueBase::CreateProxy()>: The branch Primaries.Position contains data of type {UNDETERMINED TYPE}, which does not have a dictionary.
Error in <TTreeReaderValueBase::GetBranchDataType()>: Must use TTreeReaderArray to access a member of an object that is stored in a collection.
Error in <TTreeReaderValueBase::CreateProxy()>: The branch Primaries.Position contains data of type {UNDETERMINED TYPE}, which does not have a dictionary.
Warning in <TChain::CopyAddresses>: Could not find branch named 'dg_cell' in tree named 'digit_extended'
Warning in <TChain::CopyAddresses>: Could not find branch named 'dg_tube' in tree named 'digit_extended'
Error in <TTreeReaderValueBase::GetBranchDataType()>: Must use TTreeReaderArray to access a member of an object that is stored in a collection.
Error in <TTreeReaderValueBase::CreateProxy()>: The branch Primaries.Position contains data of type {UNDETERMINED TYPE}, which does not have a dictionary.
Error in <TTreeReaderValueBase::GetBranchDataType()>: Must use TTreeReaderArray to access a member of an object that is stored in a collection.
Error in <TTreeReaderValueBase::CreateProxy()>: The branch Primaries.Position contains data of type {UNDETERMINED TYPE}, which does not have a dictionary.
Warning in <TChain::CopyAddresses>: Could not find branch named 'dg_cell' in tree named 'digit_extended'
Warning in <TChain::CopyAddresses>: Could not find branch named 'dg_tube' in tree named 'digit_extended'
Error in <TTreeReaderValueBase::GetBranchDataType()>: Must use TTreeReaderArray to access a member of an object that is stored in a collection.
Error in <TTreeReaderValueBase::CreateProxy()>: The branch Primaries.Position contains data of type {UNDETERMINED TYPE}, which does not have a dictionary.
Error in <TTreeReaderValueBase::GetBranchDataType()>: Must use TTreeReaderArray to access a member of an object that is stored in a collection.
Error in <TTreeReaderValueBase::CreateProxy()>: The branch Primaries.Position contains data of type {UNDETERMINED TYPE}, which does not have a dictionary.
Warning in <TChain::CopyAddresses>: Could not find branch named 'dg_cell' in tree named 'digit_extended'
Warning in <TChain::CopyAddresses>: Could not find branch named 'dg_tube' in tree named 'digit_extended'
Error in <TTreeReaderValueBase::GetBranchDataType()>: Must use TTreeReaderArray to access a member of an object that is stored in a collection.
Error in <TTreeReaderValueBase::CreateProxy()>: The branch Primaries.Position contains data of type {UNDETERMINED TYPE}, which does not have a dictionary.
Error in <TTreeReaderValueBase::GetBranchDataType()>: Must use TTreeReaderArray to access a member of an object that is stored in a collection.
Error in <TTreeReaderValueBase::CreateProxy()>: The branch Primaries.Position contains data of type {UNDETERMINED TYPE}, which does not have a dictionary.
Warning in <TChain::CopyAddresses>: Could not find branch named 'dg_cell' in tree named 'digit_extended'
Warning in <TChain::CopyAddresses>: Could not find branch named 'dg_tube' in tree named 'digit_extended'
Error in <TTreeReaderValueBase::GetBranchDataType()>: Must use TTreeReaderArray to access a member of an object that is stored in a collection.
Error in <TTreeReaderValueBase::CreateProxy()>: The branch Primaries.Position contains data of type {UNDETERMINED TYPE}, which does not have a dictionary.
Error in <TTreeReaderValueBase::GetBranchDataType()>: Must use TTreeReaderArray to access a member of an object that is stored in a collection.
Error in <TTreeReaderValueBase::CreateProxy()>: The branch Primaries.Position contains data of type {UNDETERMINED TYPE}, which does not have a dictionary.
Warning in <TChain::CopyAddresses>: Could not find branch named 'dg_cell' in tree named 'digit_extended'
Warning in <TChain::CopyAddresses>: Could not find branch named 'dg_tube' in tree named 'digit_extended'
Error in <TTreeReaderValueBase::GetBranchDataType()>: Must use TTreeReaderArray to access a member of an object that is stored in a collection.
Error in <TTreeReaderValueBase::CreateProxy()>: The branch Primaries.Position contains data of type {UNDETERMINED TYPE}, which does not have a dictionary.
Error in <TTreeReaderValueBase::GetBranchDataType()>: Must use TTreeReaderArray to access a member of an object that is stored in a collection.
Error in <TTreeReaderValueBase::CreateProxy()>: The branch Primaries.Position contains data of type {UNDETERMINED TYPE}, which does not have a dictionary.
Warning in <TChain::CopyAddresses>: Could not find branch named 'dg_cell' in tree named 'digit_extended'
Warning in <TChain::CopyAddresses>: Could not find branch named 'dg_tube' in tree named 'digit_extended'
Error in <TTreeReaderValueBase::GetBranchDataType()>: Must use TTreeReaderArray to access a member of an object that is stored in a collection.
Error in <TTreeReaderValueBase::CreateProxy()>: The branch Primaries.Position contains data of type {UNDETERMINED TYPE}, which does not have a dictionary.
Error in <TTreeReaderValueBase::GetBranchDataType()>: Must use TTreeReaderArray to access a member of an object that is stored in a collection.
Error in <TTreeReaderValueBase::CreateProxy()>: The branch Primaries.Position contains data of type {UNDETERMINED TYPE}, which does not have a dictionary.
Warning in <TChain::CopyAddresses>: Could not find branch named 'dg_cell' in tree named 'digit_extended'
Warning in <TChain::CopyAddresses>: Could not find branch named 'dg_tube' in tree named 'digit_extended'
Error in <TTreeReaderValueBase::GetBranchDataType()>: Must use TTreeReaderArray to access a member of an object that is stored in a collection.
Error in <TTreeReaderValueBase::CreateProxy()>: The branch Primaries.Position contains data of type {UNDETERMINED TYPE}, which does not have a dictionary.
Error in <TTreeReaderValueBase::GetBranchDataType()>: Must use TTreeReaderArray to access a member of an object that is stored in a collection.
Error in <TTreeReaderValueBase::CreateProxy()>: The branch Primaries.Position contains data of type {UNDETERMINED TYPE}, which does not have a dictionary.
Warning in <TChain::CopyAddresses>: Could not find branch named 'dg_cell' in tree named 'digit_extended'
Warning in <TChain::CopyAddresses>: Could not find branch named 'dg_tube' in tree named 'digit_extended'
Error in <TTreeReaderValueBase::GetBranchDataType()>: Must use TTreeReaderArray to access a member of an object that is stored in a collection.
Error in <TTreeReaderValueBase::CreateProxy()>: The branch Primaries.Position contains data of type {UNDETERMINED TYPE}, which does not have a dictionary.
Error in <TTreeReaderValueBase::GetBranchDataType()>: Must use TTreeReaderArray to access a member of an object that is stored in a collection.
Error in <TTreeReaderValueBase::CreateProxy()>: The branch Primaries.Position contains data of type {UNDETERMINED TYPE}, which does not have a dictionary.
Warning in <TChain::CopyAddresses>: Could not find branch named 'dg_cell' in tree named 'digit_extended'
Warning in <TChain::CopyAddresses>: Could not find branch named 'dg_tube' in tree named 'digit_extended'
Error in <TTreeReaderValueBase::GetBranchDataType()>: Must use TTreeReaderArray to access a member of an object that is stored in a collection.
Error in <TTreeReaderValueBase::CreateProxy()>: The branch Primaries.Position contains data of type {UNDETERMINED TYPE}, which does not have a dictionary.
Warning in <TChain::CopyAddresses>: Could not find branch named 'dg_cell' in tree named 'digit_extended'
Warning in <TChain::CopyAddresses>: Could not find branch named 'dg_tube' in tree named 'digit_extended'
Error in <TTreeReaderValueBase::GetBranchDataType()>: Must use TTreeReaderArray to access a member of an object that is stored in a collection.
Error in <TTreeReaderValueBase::CreateProxy()>: The branch Primaries.Position contains data of type {UNDETERMINED TYPE}, which does not have a dictionary.
Error in <TTreeReaderValueBase::GetBranchDataType()>: Must use TTreeReaderArray to access a member of an object that is stored in a collection.
Error in <TTreeReaderValueBase::CreateProxy()>: The branch Primaries.Position contains data of type {UNDETERMINED TYPE}, which does not have a dictionary.
Warning in <TChain::CopyAddresses>: Could not find branch named 'dg_cell' in tree named 'digit_extended'
Warning in <TChain::CopyAddresses>: Could not find branch named 'dg_tube' in tree named 'digit_extended'
Error in <TTreeReaderValueBase::GetBranchDataType()>: Must use TTreeReaderArray to access a member of an object that is stored in a collection.
Error in <TTreeReaderValueBase::CreateProxy()>: The branch Primaries.Position contains data of type {UNDETERMINED TYPE}, which does not have a dictionary.
Error in <TTreeReaderValueBase::GetBranchDataType()>: Must use TTreeReaderArray to access a member of an object that is stored in a collection.
Error in <TTreeReaderValueBase::CreateProxy()>: The branch Primaries.Position contains data of type {UNDETERMINED TYPE}, which does not have a dictionary.
Warning in <TChain::CopyAddresses>: Could not find branch named 'dg_cell' in tree named 'digit_extended'
Warning in <TChain::CopyAddresses>: Could not find branch named 'dg_tube' in tree named 'digit_extended'
Error in <TTreeReaderValueBase::GetBranchDataType()>: Must use TTreeReaderArray to access a member of an object that is stored in a collection.
Error in <TTreeReaderValueBase::CreateProxy()>: The branch Primaries.Position contains data of type {UNDETERMINED TYPE}, which does not have a dictionary.
Error in <TTreeReaderValueBase::GetBranchDataType()>: Must use TTreeReaderArray to access a member of an object that is stored in a collection.
Error in <TTreeReaderValueBase::CreateProxy()>: The branch Primaries.Position contains data of type {UNDETERMINED TYPE}, which does not have a dictionary.
Warning in <TChain::CopyAddresses>: Could not find branch named 'dg_cell' in tree named 'digit_extended'
Warning in <TChain::CopyAddresses>: Could not find branch named 'dg_tube' in tree named 'digit_extended'
Error in <TTreeReaderValueBase::GetBranchDataType()>: Must use TTreeReaderArray to access a member of an object that is stored in a collection.
Error in <TTreeReaderValueBase::CreateProxy()>: The branch Primaries.Position contains data of type {UNDETERMINED TYPE}, which does not have a dictionary.
Error in <TTreeReaderValueBase::GetBranchDataType()>: Must use TTreeReaderArray to access a member of an object that is stored in a collection.
Error in <TTreeReaderValueBase::CreateProxy()>: The branch Primaries.Position contains data of type {UNDETERMINED TYPE}, which does not have a dictionary.
Warning in <TChain::CopyAddresses>: Could not find branch named 'dg_cell' in tree named 'digit_extended'
Warning in <TChain::CopyAddresses>: Could not find branch named 'dg_tube' in tree named 'digit_extended'
Error in <TTreeReaderValueBase::GetBranchDataType()>: Must use TTreeReaderArray to access a member of an object that is stored in a collection.
Error in <TTreeReaderValueBase::CreateProxy()>: The branch Primaries.Position contains data of type {UNDETERMINED TYPE}, which does not have a dictionary.
Error in <TTreeReaderValueBase::GetBranchDataType()>: Must use TTreeReaderArray to access a member of an object that is stored in a collection.
Error in <TTreeReaderValueBase::CreateProxy()>: The branch Primaries.Position contains data of type {UNDETERMINED TYPE}, which does not have a dictionary.
Warning in <TChain::CopyAddresses>: Could not find branch named 'dg_cell' in tree named 'digit_extended'
Warning in <TChain::CopyAddresses>: Could not find branch named 'dg_tube' in tree named 'digit_extended'
Error in <TTreeReaderValueBase::GetBranchDataType()>: Must use TTreeReaderArray to access a member of an object that is stored in a collection.
Error in <TTreeReaderValueBase::CreateProxy()>: The branch Primaries.Position contains data of type {UNDETERMINED TYPE}, which does not have a dictionary.
Error in <TTreeReaderValueBase::GetBranchDataType()>: Must use TTreeReaderArray to access a member of an object that is stored in a collection.
Error in <TTreeReaderValueBase::CreateProxy()>: The branch Primaries.Position contains data of type {UNDETERMINED TYPE}, which does not have a dictionary.
Warning in <TChain::CopyAddresses>: Could not find branch named 'dg_cell' in tree named 'digit_extended'
Warning in <TChain::CopyAddresses>: Could not find branch named 'dg_tube' in tree named 'digit_extended'
Error in <TTreeReaderValueBase::GetBranchDataType()>: Must use TTreeReaderArray to access a member of an object that is stored in a collection.
Error in <TTreeReaderValueBase::CreateProxy()>: The branch Primaries.Position contains data of type {UNDETERMINED TYPE}, which does not have a dictionary.
Error in <TTreeReaderValueBase::GetBranchDataType()>: Must use TTreeReaderArray to access a member of an object that is stored in a collection.
Error in <TTreeReaderValueBase::CreateProxy()>: The branch Primaries.Position contains data of type {UNDETERMINED TYPE}, which does not have a dictionary.
Warning in <TChain::CopyAddresses>: Could not find branch named 'dg_cell' in tree named 'digit_extended'
Warning in <TChain::CopyAddresses>: Could not find branch named 'dg_tube' in tree named 'digit_extended'
Error in <TTreeReaderValueBase::GetBranchDataType()>: Must use TTreeReaderArray to access a member of an object that is stored in a collection.
Error in <TTreeReaderValueBase::CreateProxy()>: The branch Primaries.Position contains data of type {UNDETERMINED TYPE}, which does not have a dictionary.
Error in <TTreeReaderValueBase::GetBranchDataType()>: Must use TTreeReaderArray to access a member of an object that is stored in a collection.
Error in <TTreeReaderValueBase::CreateProxy()>: The branch Primaries.Position contains data of type {UNDETERMINED TYPE}, which does not have a dictionary.
Warning in <TChain::CopyAddresses>: Could not find branch named 'dg_cell' in tree named 'digit_extended'
Warning in <TChain::CopyAddresses>: Could not find branch named 'dg_tube' in tree named 'digit_extended'
Error in <TTreeReaderValueBase::GetBranchDataType()>: Must use TTreeReaderArray to access a member of an object that is stored in a collection.
Error in <TTreeReaderValueBase::CreateProxy()>: The branch Primaries.Position contains data of type {UNDETERMINED TYPE}, which does not have a dictionary.
Error in <TTreeReaderValueBase::GetBranchDataType()>: Must use TTreeReaderArray to access a member of an object that is stored in a collection.
Error in <TTreeReaderValueBase::CreateProxy()>: The branch Primaries.Position contains data of type {UNDETERMINED TYPE}, which does not have a dictionary.
Warning in <TChain::CopyAddresses>: Could not find branch named 'dg_cell' in tree named 'digit_extended'
Warning in <TChain::CopyAddresses>: Could not find branch named 'dg_tube' in tree named 'digit_extended'
Error in <TTreeReaderValueBase::GetBranchDataType()>: Must use TTreeReaderArray to access a member of an object that is stored in a collection.
Error in <TTreeReaderValueBase::CreateProxy()>: The branch Primaries.Position contains data of type {UNDETERMINED TYPE}, which does not have a dictionary.
Error in <TTreeReaderValueBase::GetBranchDataType()>: Must use TTreeReaderArray to access a member of an object that is stored in a collection.
Error in <TTreeReaderValueBase::CreateProxy()>: The branch Primaries.Position contains data of type {UNDETERMINED TYPE}, which does not have a dictionary.
Warning in <TChain::CopyAddresses>: Could not find branch named 'dg_cell' in tree named 'digit_extended'
Warning in <TChain::CopyAddresses>: Could not find branch named 'dg_tube' in tree named 'digit_extended'
Error in <TTreeReaderValueBase::GetBranchDataType()>: Must use TTreeReaderArray to access a member of an object that is stored in a collection.
Error in <TTreeReaderValueBase::CreateProxy()>: The branch Primaries.Position contains data of type {UNDETERMINED TYPE}, which does not have a dictionary.
Error in <TTreeReaderValueBase::GetBranchDataType()>: Must use TTreeReaderArray to access a member of an object that is stored in a collection.
Error in <TTreeReaderValueBase::CreateProxy()>: The branch Primaries.Position contains data of type {UNDETERMINED TYPE}, which does not have a dictionary.
Warning in <TChain::CopyAddresses>: Could not find branch named 'dg_cell' in tree named 'digit_extended'
Warning in <TChain::CopyAddresses>: Could not find branch named 'dg_tube' in tree named 'digit_extended'
Error in <TTreeReaderValueBase::GetBranchDataType()>: Must use TTreeReaderArray to access a member of an object that is stored in a collection.
Error in <TTreeReaderValueBase::CreateProxy()>: The branch Primaries.Position contains data of type {UNDETERMINED TYPE}, which does not have a dictionary.
Error in <TTreeReaderValueBase::GetBranchDataType()>: Must use TTreeReaderArray to access a member of an object that is stored in a collection.
Error in <TTreeReaderValueBase::CreateProxy()>: The branch Primaries.Position contains data of type {UNDETERMINED TYPE}, which does not have a dictionary.
Warning in <TChain::CopyAddresses>: Could not find branch named 'dg_cell' in tree named 'digit_extended'
Warning in <TChain::CopyAddresses>: Could not find branch named 'dg_tube' in tree named 'digit_extended'
Error in <TTreeReaderValueBase::GetBranchDataType()>: Must use TTreeReaderArray to access a member of an object that is stored in a collection.
Error in <TTreeReaderValueBase::CreateProxy()>: The branch Primaries.Position contains data of type {UNDETERMINED TYPE}, which does not have a dictionary.
Error in <TTreeReaderValueBase::GetBranchDataType()>: Must use TTreeReaderArray to access a member of an object that is stored in a collection.
Error in <TTreeReaderValueBase::CreateProxy()>: The branch Primaries.Position contains data of type {UNDETERMINED TYPE}, which does not have a dictionary.
Warning in <TChain::CopyAddresses>: Could not find branch named 'dg_cell' in tree named 'digit_extended'
Warning in <TChain::CopyAddresses>: Could not find branch named 'dg_tube' in tree named 'digit_extended'
Error in <TTreeReaderValueBase::GetBranchDataType()>: Must use TTreeReaderArray to access a member of an object that is stored in a collection.
Error in <TTreeReaderValueBase::CreateProxy()>: The branch Primaries.Position contains data of type {UNDETERMINED TYPE}, which does not have a dictionary.
Error in <TTreeReaderValueBase::GetBranchDataType()>: Must use TTreeReaderArray to access a member of an object that is stored in a collection.
Error in <TTreeReaderValueBase::CreateProxy()>: The branch Primaries.Position contains data of type {UNDETERMINED TYPE}, which does not have a dictionary.
Warning in <TChain::CopyAddresses>: Could not find branch named 'dg_cell' in tree named 'digit_extended'
Warning in <TChain::CopyAddresses>: Could not find branch named 'dg_tube' in tree named 'digit_extended'
Error in <TTreeReaderValueBase::GetBranchDataType()>: Must use TTreeReaderArray to access a member of an object that is stored in a collection.
Error in <TTreeReaderValueBase::CreateProxy()>: The branch Primaries.Position contains data of type {UNDETERMINED TYPE}, which does not have a dictionary.
Error in <TTreeReaderValueBase::GetBranchDataType()>: Must use TTreeReaderArray to access a member of an object that is stored in a collection.
Error in <TTreeReaderValueBase::CreateProxy()>: The branch Primaries.Position contains data of type {UNDETERMINED TYPE}, which does not have a dictionary.
Warning in <TChain::CopyAddresses>: Could not find branch named 'dg_cell' in tree named 'digit_extended'
Warning in <TChain::CopyAddresses>: Could not find branch named 'dg_tube' in tree named 'digit_extended'
Error in <TTreeReaderValueBase::GetBranchDataType()>: Must use TTreeReaderArray to access a member of an object that is stored in a collection.
Error in <TTreeReaderValueBase::CreateProxy()>: The branch Primaries.Position contains data of type {UNDETERMINED TYPE}, which does not have a dictionary.
Error in <TTreeReaderValueBase::GetBranchDataType()>: Must use TTreeReaderArray to access a member of an object that is stored in a collection.
Error in <TTreeReaderValueBase::CreateProxy()>: The branch Primaries.Position contains data of type {UNDETERMINED TYPE}, which does not have a dictionary.
Warning in <TChain::CopyAddresses>: Could not find branch named 'dg_cell' in tree named 'digit_extended'
Warning in <TChain::CopyAddresses>: Could not find branch named 'dg_tube' in tree named 'digit_extended'
Error in <TTreeReaderValueBase::GetBranchDataType()>: Must use TTreeReaderArray to access a member of an object that is stored in a collection.
Error in <TTreeReaderValueBase::CreateProxy()>: The branch Primaries.Position contains data of type {UNDETERMINED TYPE}, which does not have a dictionary.
Error in <TTreeReaderValueBase::GetBranchDataType()>: Must use TTreeReaderArray to access a member of an object that is stored in a collection.
Error in <TTreeReaderValueBase::CreateProxy()>: The branch Primaries.Position contains data of type {UNDETERMINED TYPE}, which does not have a dictionary.
Warning in <TChain::CopyAddresses>: Could not find branch named 'dg_cell' in tree named 'digit_extended'
Warning in <TChain::CopyAddresses>: Could not find branch named 'dg_tube' in tree named 'digit_extended'
Error in <TTreeReaderValueBase::GetBranchDataType()>: Must use TTreeReaderArray to access a member of an object that is stored in a collection.
Error in <TTreeReaderValueBase::CreateProxy()>: The branch Primaries.Position contains data of type {UNDETERMINED TYPE}, which does not have a dictionary.
Error in <TTreeReaderValueBase::GetBranchDataType()>: Must use TTreeReaderArray to access a member of an object that is stored in a collection.
Error in <TTreeReaderValueBase::CreateProxy()>: The branch Primaries.Position contains data of type {UNDETERMINED TYPE}, which does not have a dictionary.
Warning in <TChain::CopyAddresses>: Could not find branch named 'dg_cell' in tree named 'digit_extended'
Warning in <TChain::CopyAddresses>: Could not find branch named 'dg_tube' in tree named 'digit_extended'
Error in <TTreeReaderValueBase::GetBranchDataType()>: Must use TTreeReaderArray to access a member of an object that is stored in a collection.
Error in <TTreeReaderValueBase::CreateProxy()>: The branch Primaries.Position contains data of type {UNDETERMINED TYPE}, which does not have a dictionary.
Error in <TTreeReaderValueBase::GetBranchDataType()>: Must use TTreeReaderArray to access a member of an object that is stored in a collection.
Error in <TTreeReaderValueBase::CreateProxy()>: The branch Primaries.Position contains data of type {UNDETERMINED TYPE}, which does not have a dictionary.
Warning in <TChain::CopyAddresses>: Could not find branch named 'dg_cell' in tree named 'digit_extended'
Warning in <TChain::CopyAddresses>: Could not find branch named 'dg_tube' in tree named 'digit_extended'
Error in <TTreeReaderValueBase::GetBranchDataType()>: Must use TTreeReaderArray to access a member of an object that is stored in a collection.
Error in <TTreeReaderValueBase::CreateProxy()>: The branch Primaries.Position contains data of type {UNDETERMINED TYPE}, which does not have a dictionary.
Warning in <TChain::CopyAddresses>: Could not find branch named 'dg_cell' in tree named 'digit_extended'
Warning in <TChain::CopyAddresses>: Could not find branch named 'dg_tube' in tree named 'digit_extended'
Error in <TTreeReaderValueBase::GetBranchDataType()>: Must use TTreeReaderArray to access a member of an object that is stored in a collection.
Error in <TTreeReaderValueBase::CreateProxy()>: The branch Primaries.Position contains data of type {UNDETERMINED TYPE}, which does not have a dictionary.
Error in <TTreeReaderValueBase::GetBranchDataType()>: Must use TTreeReaderArray to access a member of an object that is stored in a collection.
Error in <TTreeReaderValueBase::CreateProxy()>: The branch Primaries.Position contains data of type {UNDETERMINED TYPE}, which does not have a dictionary.
Warning in <TChain::CopyAddresses>: Could not find branch named 'dg_cell' in tree named 'digit_extended'
Warning in <TChain::CopyAddresses>: Could not find branch named 'dg_tube' in tree named 'digit_extended'
Error in <TTreeReaderValueBase::GetBranchDataType()>: Must use TTreeReaderArray to access a member of an object that is stored in a collection.
Error in <TTreeReaderValueBase::CreateProxy()>: The branch Primaries.Position contains data of type {UNDETERMINED TYPE}, which does not have a dictionary.
Error in <TTreeReaderValueBase::GetBranchDataType()>: Must use TTreeReaderArray to access a member of an object that is stored in a collection.
Error in <TTreeReaderValueBase::CreateProxy()>: The branch Primaries.Position contains data of type {UNDETERMINED TYPE}, which does not have a dictionary.
Warning in <TChain::CopyAddresses>: Could not find branch named 'dg_cell' in tree named 'digit_extended'
Warning in <TChain::CopyAddresses>: Could not find branch named 'dg_tube' in tree named 'digit_extended'
Error in <TTreeReaderValueBase::GetBranchDataType()>: Must use TTreeReaderArray to access a member of an object that is stored in a collection.
Error in <TTreeReaderValueBase::CreateProxy()>: The branch Primaries.Position contains data of type {UNDETERMINED TYPE}, which does not have a dictionary.
Error in <TTreeReaderValueBase::GetBranchDataType()>: Must use TTreeReaderArray to access a member of an object that is stored in a collection.
Error in <TTreeReaderValueBase::CreateProxy()>: The branch Primaries.Position contains data of type {UNDETERMINED TYPE}, which does not have a dictionary.
Warning in <TChain::CopyAddresses>: Could not find branch named 'dg_cell' in tree named 'digit_extended'
Warning in <TChain::CopyAddresses>: Could not find branch named 'dg_tube' in tree named 'digit_extended'
Error in <TTreeReaderValueBase::GetBranchDataType()>: Must use TTreeReaderArray to access a member of an object that is stored in a collection.
Error in <TTreeReaderValueBase::CreateProxy()>: The branch Primaries.Position contains data of type {UNDETERMINED TYPE}, which does not have a dictionary.
Error in <TTreeReaderValueBase::GetBranchDataType()>: Must use TTreeReaderArray to access a member of an object that is stored in a collection.
Error in <TTreeReaderValueBase::CreateProxy()>: The branch Primaries.Position contains data of type {UNDETERMINED TYPE}, which does not have a dictionary.
Warning in <TChain::CopyAddresses>: Could not find branch named 'dg_cell' in tree named 'digit_extended'
Warning in <TChain::CopyAddresses>: Could not find branch named 'dg_tube' in tree named 'digit_extended'
Error in <TTreeReaderValueBase::GetBranchDataType()>: Must use TTreeReaderArray to access a member of an object that is stored in a collection.
Error in <TTreeReaderValueBase::CreateProxy()>: The branch Primaries.Position contains data of type {UNDETERMINED TYPE}, which does not have a dictionary.
Error in <TTreeReaderValueBase::GetBranchDataType()>: Must use TTreeReaderArray to access a member of an object that is stored in a collection.
Error in <TTreeReaderValueBase::CreateProxy()>: The branch Primaries.Position contains data of type {UNDETERMINED TYPE}, which does not have a dictionary.
Warning in <TChain::CopyAddresses>: Could not find branch named 'dg_cell' in tree named 'digit_extended'
Warning in <TChain::CopyAddresses>: Could not find branch named 'dg_tube' in tree named 'digit_extended'
Error in <TTreeReaderValueBase::GetBranchDataType()>: Must use TTreeReaderArray to access a member of an object that is stored in a collection.
Error in <TTreeReaderValueBase::CreateProxy()>: The branch Primaries.Position contains data of type {UNDETERMINED TYPE}, which does not have a dictionary.
Error in <TTreeReaderValueBase::GetBranchDataType()>: Must use TTreeReaderArray to access a member of an object that is stored in a collection.
Error in <TTreeReaderValueBase::CreateProxy()>: The branch Primaries.Position contains data of type {UNDETERMINED TYPE}, which does not have a dictionary.
Warning in <TChain::CopyAddresses>: Could not find branch named 'dg_cell' in tree named 'digit_extended'
Warning in <TChain::CopyAddresses>: Could not find branch named 'dg_tube' in tree named 'digit_extended'
Error in <TTreeReaderValueBase::GetBranchDataType()>: Must use TTreeReaderArray to access a member of an object that is stored in a collection.
Error in <TTreeReaderValueBase::CreateProxy()>: The branch Primaries.Position contains data of type {UNDETERMINED TYPE}, which does not have a dictionary.
Warning in <TChain::CopyAddresses>: Could not find branch named 'dg_cell' in tree named 'digit_extended'
Warning in <TChain::CopyAddresses>: Could not find branch named 'dg_tube' in tree named 'digit_extended'
Error in <TTreeReaderValueBase::GetBranchDataType()>: Must use TTreeReaderArray to access a member of an object that is stored in a collection.
Error in <TTreeReaderValueBase::CreateProxy()>: The branch Primaries.Position contains data of type {UNDETERMINED TYPE}, which does not have a dictionary.
Error in <TTreeReaderValueBase::GetBranchDataType()>: Must use TTreeReaderArray to access a member of an object that is stored in a collection.
Error in <TTreeReaderValueBase::CreateProxy()>: The branch Primaries.Position contains data of type {UNDETERMINED TYPE}, which does not have a dictionary.
Warning in <TChain::CopyAddresses>: Could not find branch named 'dg_cell' in tree named 'digit_extended'
Warning in <TChain::CopyAddresses>: Could not find branch named 'dg_tube' in tree named 'digit_extended'
Error in <TTreeReaderValueBase::GetBranchDataType()>: Must use TTreeReaderArray to access a member of an object that is stored in a collection.
Error in <TTreeReaderValueBase::CreateProxy()>: The branch Primaries.Position contains data of type {UNDETERMINED TYPE}, which does not have a dictionary.
Warning in <TChain::CopyAddresses>: Could not find branch named 'dg_cell' in tree named 'digit_extended'
Warning in <TChain::CopyAddresses>: Could not find branch named 'dg_tube' in tree named 'digit_extended'
Error in <TTreeReaderValueBase::GetBranchDataType()>: Must use TTreeReaderArray to access a member of an object that is stored in a collection.
Error in <TTreeReaderValueBase::CreateProxy()>: The branch Primaries.Position contains data of type {UNDETERMINED TYPE}, which does not have a dictionary.
Error in <TTreeReaderValueBase::GetBranchDataType()>: Must use TTreeReaderArray to access a member of an object that is stored in a collection.
Error in <TTreeReaderValueBase::CreateProxy()>: The branch Primaries.Position contains data of type {UNDETERMINED TYPE}, which does not have a dictionary.
Warning in <TChain::CopyAddresses>: Could not find branch named 'dg_cell' in tree named 'digit_extended'
Warning in <TChain::CopyAddresses>: Could not find branch named 'dg_tube' in tree named 'digit_extended'
Error in <TTreeReaderValueBase::GetBranchDataType()>: Must use TTreeReaderArray to access a member of an object that is stored in a collection.
Error in <TTreeReaderValueBase::CreateProxy()>: The branch Primaries.Position contains data of type {UNDETERMINED TYPE}, which does not have a dictionary.
Error in <TTreeReaderValueBase::GetBranchDataType()>: Must use TTreeReaderArray to access a member of an object that is stored in a collection.
Error in <TTreeReaderValueBase::CreateProxy()>: The branch Primaries.Position contains data of type {UNDETERMINED TYPE}, which does not have a dictionary.
Warning in <TChain::CopyAddresses>: Could not find branch named 'dg_cell' in tree named 'digit_extended'
Warning in <TChain::CopyAddresses>: Could not find branch named 'dg_tube' in tree named 'digit_extended'
Error in <TTreeReaderValueBase::GetBranchDataType()>: Must use TTreeReaderArray to access a member of an object that is stored in a collection.
Error in <TTreeReaderValueBase::CreateProxy()>: The branch Primaries.Position contains data of type {UNDETERMINED TYPE}, which does not have a dictionary.
Error in <TTreeReaderValueBase::GetBranchDataType()>: Must use TTreeReaderArray to access a member of an object that is stored in a collection.
Error in <TTreeReaderValueBase::CreateProxy()>: The branch Primaries.Position contains data of type {UNDETERMINED TYPE}, which does not have a dictionary.
Warning in <TChain::CopyAddresses>: Could not find branch named 'dg_cell' in tree named 'digit_extended'
Warning in <TChain::CopyAddresses>: Could not find branch named 'dg_tube' in tree named 'digit_extended'
Error in <TTreeReaderValueBase::GetBranchDataType()>: Must use TTreeReaderArray to access a member of an object that is stored in a collection.
Error in <TTreeReaderValueBase::CreateProxy()>: The branch Primaries.Position contains data of type {UNDETERMINED TYPE}, which does not have a dictionary.
Error in <TTreeReaderValueBase::GetBranchDataType()>: Must use TTreeReaderArray to access a member of an object that is stored in a collection.
Error in <TTreeReaderValueBase::CreateProxy()>: The branch Primaries.Position contains data of type {UNDETERMINED TYPE}, which does not have a dictionary.
Warning in <TChain::CopyAddresses>: Could not find branch named 'dg_cell' in tree named 'digit_extended'
Warning in <TChain::CopyAddresses>: Could not find branch named 'dg_tube' in tree named 'digit_extended'
Error in <TTreeReaderValueBase::GetBranchDataType()>: Must use TTreeReaderArray to access a member of an object that is stored in a collection.
Error in <TTreeReaderValueBase::CreateProxy()>: The branch Primaries.Position contains data of type {UNDETERMINED TYPE}, which does not have a dictionary.
Error in <TTreeReaderValueBase::GetBranchDataType()>: Must use TTreeReaderArray to access a member of an object that is stored in a collection.
Error in <TTreeReaderValueBase::CreateProxy()>: The branch Primaries.Position contains data of type {UNDETERMINED TYPE}, which does not have a dictionary.
Warning in <TChain::CopyAddresses>: Could not find branch named 'dg_cell' in tree named 'digit_extended'
Warning in <TChain::CopyAddresses>: Could not find branch named 'dg_tube' in tree named 'digit_extended'
Error in <TTreeReaderValueBase::GetBranchDataType()>: Must use TTreeReaderArray to access a member of an object that is stored in a collection.
Error in <TTreeReaderValueBase::CreateProxy()>: The branch Primaries.Position contains data of type {UNDETERMINED TYPE}, which does not have a dictionary.
Error in <TTreeReaderValueBase::GetBranchDataType()>: Must use TTreeReaderArray to access a member of an object that is stored in a collection.
Error in <TTreeReaderValueBase::CreateProxy()>: The branch Primaries.Position contains data of type {UNDETERMINED TYPE}, which does not have a dictionary.
Warning in <TChain::CopyAddresses>: Could not find branch named 'dg_cell' in tree named 'digit_extended'
Warning in <TChain::CopyAddresses>: Could not find branch named 'dg_tube' in tree named 'digit_extended'
Error in <TTreeReaderValueBase::GetBranchDataType()>: Must use TTreeReaderArray to access a member of an object that is stored in a collection.
Error in <TTreeReaderValueBase::CreateProxy()>: The branch Primaries.Position contains data of type {UNDETERMINED TYPE}, which does not have a dictionary.
Error in <TTreeReaderValueBase::GetBranchDataType()>: Must use TTreeReaderArray to access a member of an object that is stored in a collection.
Error in <TTreeReaderValueBase::CreateProxy()>: The branch Primaries.Position contains data of type {UNDETERMINED TYPE}, which does not have a dictionary.
Warning in <TChain::CopyAddresses>: Could not find branch named 'dg_cell' in tree named 'digit_extended'
Warning in <TChain::CopyAddresses>: Could not find branch named 'dg_tube' in tree named 'digit_extended'
Error in <TTreeReaderValueBase::GetBranchDataType()>: Must use TTreeReaderArray to access a member of an object that is stored in a collection.
Error in <TTreeReaderValueBase::CreateProxy()>: The branch Primaries.Position contains data of type {UNDETERMINED TYPE}, which does not have a dictionary.
Error in <TTreeReaderValueBase::GetBranchDataType()>: Must use TTreeReaderArray to access a member of an object that is stored in a collection.
Error in <TTreeReaderValueBase::CreateProxy()>: The branch Primaries.Position contains data of type {UNDETERMINED TYPE}, which does not have a dictionary.
Warning in <TChain::CopyAddresses>: Could not find branch named 'dg_cell' in tree named 'digit_extended'
Warning in <TChain::CopyAddresses>: Could not find branch named 'dg_tube' in tree named 'digit_extended'
Error in <TTreeReaderValueBase::GetBranchDataType()>: Must use TTreeReaderArray to access a member of an object that is stored in a collection.
Error in <TTreeReaderValueBase::CreateProxy()>: The branch Primaries.Position contains data of type {UNDETERMINED TYPE}, which does not have a dictionary.
Error in <TTreeReaderValueBase::GetBranchDataType()>: Must use TTreeReaderArray to access a member of an object that is stored in a collection.
Error in <TTreeReaderValueBase::CreateProxy()>: The branch Primaries.Position contains data of type {UNDETERMINED TYPE}, which does not have a dictionary.
Warning in <TChain::CopyAddresses>: Could not find branch named 'dg_cell' in tree named 'digit_extended'
Warning in <TChain::CopyAddresses>: Could not find branch named 'dg_tube' in tree named 'digit_extended'
Error in <TTreeReaderValueBase::GetBranchDataType()>: Must use TTreeReaderArray to access a member of an object that is stored in a collection.
Error in <TTreeReaderValueBase::CreateProxy()>: The branch Primaries.Position contains data of type {UNDETERMINED TYPE}, which does not have a dictionary.
Error in <TTreeReaderValueBase::GetBranchDataType()>: Must use TTreeReaderArray to access a member of an object that is stored in a collection.
Error in <TTreeReaderValueBase::CreateProxy()>: The branch Primaries.Position contains data of type {UNDETERMINED TYPE}, which does not have a dictionary.
Warning in <TChain::CopyAddresses>: Could not find branch named 'dg_cell' in tree named 'digit_extended'
Warning in <TChain::CopyAddresses>: Could not find branch named 'dg_tube' in tree named 'digit_extended'
Error in <TTreeReaderValueBase::GetBranchDataType()>: Must use TTreeReaderArray to access a member of an object that is stored in a collection.
Error in <TTreeReaderValueBase::CreateProxy()>: The branch Primaries.Position contains data of type {UNDETERMINED TYPE}, which does not have a dictionary.
Error in <TTreeReaderValueBase::GetBranchDataType()>: Must use TTreeReaderArray to access a member of an object that is stored in a collection.
Error in <TTreeReaderValueBase::CreateProxy()>: The branch Primaries.Position contains data of type {UNDETERMINED TYPE}, which does not have a dictionary.
Warning in <TChain::CopyAddresses>: Could not find branch named 'dg_cell' in tree named 'digit_extended'
Warning in <TChain::CopyAddresses>: Could not find branch named 'dg_tube' in tree named 'digit_extended'
Error in <TTreeReaderValueBase::GetBranchDataType()>: Must use TTreeReaderArray to access a member of an object that is stored in a collection.
Error in <TTreeReaderValueBase::CreateProxy()>: The branch Primaries.Position contains data of type {UNDETERMINED TYPE}, which does not have a dictionary.
Error in <TTreeReaderValueBase::GetBranchDataType()>: Must use TTreeReaderArray to access a member of an object that is stored in a collection.
Error in <TTreeReaderValueBase::CreateProxy()>: The branch Primaries.Position contains data of type {UNDETERMINED TYPE}, which does not have a dictionary.
Warning in <TChain::CopyAddresses>: Could not find branch named 'dg_cell' in tree named 'digit_extended'
Warning in <TChain::CopyAddresses>: Could not find branch named 'dg_tube' in tree named 'digit_extended'
Error in <TTreeReaderValueBase::GetBranchDataType()>: Must use TTreeReaderArray to access a member of an object that is stored in a collection.
Error in <TTreeReaderValueBase::CreateProxy()>: The branch Primaries.Position contains data of type {UNDETERMINED TYPE}, which does not have a dictionary.
Error in <TTreeReaderValueBase::GetBranchDataType()>: Must use TTreeReaderArray to access a member of an object that is stored in a collection.
Error in <TTreeReaderValueBase::CreateProxy()>: The branch Primaries.Position contains data of type {UNDETERMINED TYPE}, which does not have a dictionary.
Warning in <TChain::CopyAddresses>: Could not find branch named 'dg_cell' in tree named 'digit_extended'
Warning in <TChain::CopyAddresses>: Could not find branch named 'dg_tube' in tree named 'digit_extended'
Error in <TTreeReaderValueBase::GetBranchDataType()>: Must use TTreeReaderArray to access a member of an object that is stored in a collection.
Error in <TTreeReaderValueBase::CreateProxy()>: The branch Primaries.Position contains data of type {UNDETERMINED TYPE}, which does not have a dictionary.
Warning in <TChain::CopyAddresses>: Could not find branch named 'dg_cell' in tree named 'digit_extended'
Warning in <TChain::CopyAddresses>: Could not find branch named 'dg_tube' in tree named 'digit_extended'
Error in <TTreeReaderValueBase::GetBranchDataType()>: Must use TTreeReaderArray to access a member of an object that is stored in a collection.
Error in <TTreeReaderValueBase::CreateProxy()>: The branch Primaries.Position contains data of type {UNDETERMINED TYPE}, which does not have a dictionary.
Error in <TTreeReaderValueBase::GetBranchDataType()>: Must use TTreeReaderArray to access a member of an object that is stored in a collection.
Error in <TTreeReaderValueBase::CreateProxy()>: The branch Primaries.Position contains data of type {UNDETERMINED TYPE}, which does not have a dictionary.
Warning in <TChain::CopyAddresses>: Could not find branch named 'dg_cell' in tree named 'digit_extended'
Warning in <TChain::CopyAddresses>: Could not find branch named 'dg_tube' in tree named 'digit_extended'
Error in <TTreeReaderValueBase::GetBranchDataType()>: Must use TTreeReaderArray to access a member of an object that is stored in a collection.
Error in <TTreeReaderValueBase::CreateProxy()>: The branch Primaries.Position contains data of type {UNDETERMINED TYPE}, which does not have a dictionary.
Error in <TTreeReaderValueBase::GetBranchDataType()>: Must use TTreeReaderArray to access a member of an object that is stored in a collection.
Error in <TTreeReaderValueBase::CreateProxy()>: The branch Primaries.Position contains data of type {UNDETERMINED TYPE}, which does not have a dictionary.
Warning in <TChain::CopyAddresses>: Could not find branch named 'dg_cell' in tree named 'digit_extended'
Warning in <TChain::CopyAddresses>: Could not find branch named 'dg_tube' in tree named 'digit_extended'
Error in <TTreeReaderValueBase::GetBranchDataType()>: Must use TTreeReaderArray to access a member of an object that is stored in a collection.
Error in <TTreeReaderValueBase::CreateProxy()>: The branch Primaries.Position contains data of type {UNDETERMINED TYPE}, which does not have a dictionary.
Error in <TTreeReaderValueBase::GetBranchDataType()>: Must use TTreeReaderArray to access a member of an object that is stored in a collection.
Error in <TTreeReaderValueBase::CreateProxy()>: The branch Primaries.Position contains data of type {UNDETERMINED TYPE}, which does not have a dictionary.
Warning in <TChain::CopyAddresses>: Could not find branch named 'dg_cell' in tree named 'digit_extended'
Warning in <TChain::CopyAddresses>: Could not find branch named 'dg_tube' in tree named 'digit_extended'
Error in <TTreeReaderValueBase::GetBranchDataType()>: Must use TTreeReaderArray to access a member of an object that is stored in a collection.
Error in <TTreeReaderValueBase::CreateProxy()>: The branch Primaries.Position contains data of type {UNDETERMINED TYPE}, which does not have a dictionary.
Error in <TTreeReaderValueBase::GetBranchDataType()>: Must use TTreeReaderArray to access a member of an object that is stored in a collection.
Error in <TTreeReaderValueBase::CreateProxy()>: The branch Primaries.Position contains data of type {UNDETERMINED TYPE}, which does not have a dictionary.
Warning in <TChain::CopyAddresses>: Could not find branch named 'dg_cell' in tree named 'digit_extended'
Warning in <TChain::CopyAddresses>: Could not find branch named 'dg_tube' in tree named 'digit_extended'
Error in <TTreeReaderValueBase::GetBranchDataType()>: Must use TTreeReaderArray to access a member of an object that is stored in a collection.
Error in <TTreeReaderValueBase::CreateProxy()>: The branch Primaries.Position contains data of type {UNDETERMINED TYPE}, which does not have a dictionary.
Error in <TTreeReaderValueBase::GetBranchDataType()>: Must use TTreeReaderArray to access a member of an object that is stored in a collection.
Error in <TTreeReaderValueBase::CreateProxy()>: The branch Primaries.Position contains data of type {UNDETERMINED TYPE}, which does not have a dictionary.
Warning in <TChain::CopyAddresses>: Could not find branch named 'dg_cell' in tree named 'digit_extended'
Warning in <TChain::CopyAddresses>: Could not find branch named 'dg_tube' in tree named 'digit_extended'
Error in <TTreeReaderValueBase::GetBranchDataType()>: Must use TTreeReaderArray to access a member of an object that is stored in a collection.
Error in <TTreeReaderValueBase::CreateProxy()>: The branch Primaries.Position contains data of type {UNDETERMINED TYPE}, which does not have a dictionary.
Error in <TTreeReaderValueBase::GetBranchDataType()>: Must use TTreeReaderArray to access a member of an object that is stored in a collection.
Error in <TTreeReaderValueBase::CreateProxy()>: The branch Primaries.Position contains data of type {UNDETERMINED TYPE}, which does not have a dictionary.
Warning in <TChain::CopyAddresses>: Could not find branch named 'dg_cell' in tree named 'digit_extended'
Warning in <TChain::CopyAddresses>: Could not find branch named 'dg_tube' in tree named 'digit_extended'
Error in <TTreeReaderValueBase::GetBranchDataType()>: Must use TTreeReaderArray to access a member of an object that is stored in a collection.
Error in <TTreeReaderValueBase::CreateProxy()>: The branch Primaries.Position contains data of type {UNDETERMINED TYPE}, which does not have a dictionary.
Error in <TTreeReaderValueBase::GetBranchDataType()>: Must use TTreeReaderArray to access a member of an object that is stored in a collection.
Error in <TTreeReaderValueBase::CreateProxy()>: The branch Primaries.Position contains data of type {UNDETERMINED TYPE}, which does not have a dictionary.
Warning in <TChain::CopyAddresses>: Could not find branch named 'dg_cell' in tree named 'digit_extended'
Warning in <TChain::CopyAddresses>: Could not find branch named 'dg_tube' in tree named 'digit_extended'
Error in <TTreeReaderValueBase::GetBranchDataType()>: Must use TTreeReaderArray to access a member of an object that is stored in a collection.
Error in <TTreeReaderValueBase::CreateProxy()>: The branch Primaries.Position contains data of type {UNDETERMINED TYPE}, which does not have a dictionary.
Error in <TTreeReaderValueBase::GetBranchDataType()>: Must use TTreeReaderArray to access a member of an object that is stored in a collection.
Error in <TTreeReaderValueBase::CreateProxy()>: The branch Primaries.Position contains data of type {UNDETERMINED TYPE}, which does not have a dictionary.
Warning in <TChain::CopyAddresses>: Could not find branch named 'dg_cell' in tree named 'digit_extended'
Warning in <TChain::CopyAddresses>: Could not find branch named 'dg_tube' in tree named 'digit_extended'
Error in <TTreeReaderValueBase::GetBranchDataType()>: Must use TTreeReaderArray to access a member of an object that is stored in a collection.
Error in <TTreeReaderValueBase::CreateProxy()>: The branch Primaries.Position contains data of type {UNDETERMINED TYPE}, which does not have a dictionary.
Error in <TTreeReaderValueBase::GetBranchDataType()>: Must use TTreeReaderArray to access a member of an object that is stored in a collection.
Error in <TTreeReaderValueBase::CreateProxy()>: The branch Primaries.Position contains data of type {UNDETERMINED TYPE}, which does not have a dictionary.
Warning in <TChain::CopyAddresses>: Could not find branch named 'dg_cell' in tree named 'digit_extended'
Warning in <TChain::CopyAddresses>: Could not find branch named 'dg_tube' in tree named 'digit_extended'
Error in <TTreeReaderValueBase::GetBranchDataType()>: Must use TTreeReaderArray to access a member of an object that is stored in a collection.
Error in <TTreeReaderValueBase::CreateProxy()>: The branch Primaries.Position contains data of type {UNDETERMINED TYPE}, which does not have a dictionary.
Error in <TTreeReaderValueBase::GetBranchDataType()>: Must use TTreeReaderArray to access a member of an object that is stored in a collection.
Error in <TTreeReaderValueBase::CreateProxy()>: The branch Primaries.Position contains data of type {UNDETERMINED TYPE}, which does not have a dictionary.
Warning in <TChain::CopyAddresses>: Could not find branch named 'dg_cell' in tree named 'digit_extended'
Warning in <TChain::CopyAddresses>: Could not find branch named 'dg_tube' in tree named 'digit_extended'
Error in <TTreeReaderValueBase::GetBranchDataType()>: Must use TTreeReaderArray to access a member of an object that is stored in a collection.
Error in <TTreeReaderValueBase::CreateProxy()>: The branch Primaries.Position contains data of type {UNDETERMINED TYPE}, which does not have a dictionary.
Error in <TTreeReaderValueBase::GetBranchDataType()>: Must use TTreeReaderArray to access a member of an object that is stored in a collection.
Error in <TTreeReaderValueBase::CreateProxy()>: The branch Primaries.Position contains data of type {UNDETERMINED TYPE}, which does not have a dictionary.
Warning in <TChain::CopyAddresses>: Could not find branch named 'dg_cell' in tree named 'digit_extended'
Warning in <TChain::CopyAddresses>: Could not find branch named 'dg_tube' in tree named 'digit_extended'
Error in <TTreeReaderValueBase::GetBranchDataType()>: Must use TTreeReaderArray to access a member of an object that is stored in a collection.
Error in <TTreeReaderValueBase::CreateProxy()>: The branch Primaries.Position contains data of type {UNDETERMINED TYPE}, which does not have a dictionary.
Error in <TTreeReaderValueBase::GetBranchDataType()>: Must use TTreeReaderArray to access a member of an object that is stored in a collection.
Error in <TTreeReaderValueBase::CreateProxy()>: The branch Primaries.Position contains data of type {UNDETERMINED TYPE}, which does not have a dictionary.
Warning in <TChain::CopyAddresses>: Could not find branch named 'dg_cell' in tree named 'digit_extended'
Warning in <TChain::CopyAddresses>: Could not find branch named 'dg_tube' in tree named 'digit_extended'
Error in <TTreeReaderValueBase::GetBranchDataType()>: Must use TTreeReaderArray to access a member of an object that is stored in a collection.
Error in <TTreeReaderValueBase::CreateProxy()>: The branch Primaries.Position contains data of type {UNDETERMINED TYPE}, which does not have a dictionary.
Error in <TTreeReaderValueBase::GetBranchDataType()>: Must use TTreeReaderArray to access a member of an object that is stored in a collection.
Error in <TTreeReaderValueBase::CreateProxy()>: The branch Primaries.Position contains data of type {UNDETERMINED TYPE}, which does not have a dictionary.
Warning in <TChain::CopyAddresses>: Could not find branch named 'dg_cell' in tree named 'digit_extended'
Warning in <TChain::CopyAddresses>: Could not find branch named 'dg_tube' in tree named 'digit_extended'
Error in <TTreeReaderValueBase::GetBranchDataType()>: Must use TTreeReaderArray to access a member of an object that is stored in a collection.
Error in <TTreeReaderValueBase::CreateProxy()>: The branch Primaries.Position contains data of type {UNDETERMINED TYPE}, which does not have a dictionary.
Error in <TTreeReaderValueBase::GetBranchDataType()>: Must use TTreeReaderArray to access a member of an object that is stored in a collection.
Error in <TTreeReaderValueBase::CreateProxy()>: The branch Primaries.Position contains data of type {UNDETERMINED TYPE}, which does not have a dictionary.
Warning in <TChain::CopyAddresses>: Could not find branch named 'dg_cell' in tree named 'digit_extended'
Warning in <TChain::CopyAddresses>: Could not find branch named 'dg_tube' in tree named 'digit_extended'
Error in <TTreeReaderValueBase::GetBranchDataType()>: Must use TTreeReaderArray to access a member of an object that is stored in a collection.
Error in <TTreeReaderValueBase::CreateProxy()>: The branch Primaries.Position contains data of type {UNDETERMINED TYPE}, which does not have a dictionary.
Error in <TTreeReaderValueBase::GetBranchDataType()>: Must use TTreeReaderArray to access a member of an object that is stored in a collection.
Error in <TTreeReaderValueBase::CreateProxy()>: The branch Primaries.Position contains data of type {UNDETERMINED TYPE}, which does not have a dictionary.
Warning in <TChain::CopyAddresses>: Could not find branch named 'dg_cell' in tree named 'digit_extended'
Warning in <TChain::CopyAddresses>: Could not find branch named 'dg_tube' in tree named 'digit_extended'
Error in <TTreeReaderValueBase::GetBranchDataType()>: Must use TTreeReaderArray to access a member of an object that is stored in a collection.
Error in <TTreeReaderValueBase::CreateProxy()>: The branch Primaries.Position contains data of type {UNDETERMINED TYPE}, which does not have a dictionary.
Error in <TTreeReaderValueBase::GetBranchDataType()>: Must use TTreeReaderArray to access a member of an object that is stored in a collection.
Error in <TTreeReaderValueBase::CreateProxy()>: The branch Primaries.Position contains data of type {UNDETERMINED TYPE}, which does not have a dictionary.
Warning in <TChain::CopyAddresses>: Could not find branch named 'dg_cell' in tree named 'digit_extended'
Warning in <TChain::CopyAddresses>: Could not find branch named 'dg_tube' in tree named 'digit_extended'
Error in <TTreeReaderValueBase::GetBranchDataType()>: Must use TTreeReaderArray to access a member of an object that is stored in a collection.
Error in <TTreeReaderValueBase::CreateProxy()>: The branch Primaries.Position contains data of type {UNDETERMINED TYPE}, which does not have a dictionary.
Error in <TTreeReaderValueBase::GetBranchDataType()>: Must use TTreeReaderArray to access a member of an object that is stored in a collection.
Error in <TTreeReaderValueBase::CreateProxy()>: The branch Primaries.Position contains data of type {UNDETERMINED TYPE}, which does not have a dictionary.
Warning in <TChain::CopyAddresses>: Could not find branch named 'dg_cell' in tree named 'digit_extended'
Warning in <TChain::CopyAddresses>: Could not find branch named 'dg_tube' in tree named 'digit_extended'
Error in <TTreeReaderValueBase::GetBranchDataType()>: Must use TTreeReaderArray to access a member of an object that is stored in a collection.
Error in <TTreeReaderValueBase::CreateProxy()>: The branch Primaries.Position contains data of type {UNDETERMINED TYPE}, which does not have a dictionary.
Error in <TTreeReaderValueBase::GetBranchDataType()>: Must use TTreeReaderArray to access a member of an object that is stored in a collection.
Error in <TTreeReaderValueBase::CreateProxy()>: The branch Primaries.Position contains data of type {UNDETERMINED TYPE}, which does not have a dictionary.
